r:\Abalis\1912_0137	moved
r:\Abalis\1912_0149_EN	moved
r:\Abalis\1912_0149_FR	moved
r:\Abalis\1912_0150	moved
r:\Abalis\1912_0174	moved
r:\Abalis\1912_0175	moved
r:\Abalis\1912_0193	moved
r:\Abalis\1912_0225	moved
r:\ACB\1912_0208	moved
r:\Arancho Doc\1912_0130	moved
r:\Arancho Doc\1912_0185	moved
r:\Arancho Doc\1912_0269	moved
r:\Arancho Doc\1912_0280	moved
r:\AWS\1912_0102	moved
r:\AWS\1912_0116	moved
r:\AWS\1912_0172	moved
r:\AWS\1912_0190	moved
r:\Betranslated\1912_0020	moved
r:\Caupenne\1912_0070	moved
r:\cogen\1912_0096	moved
r:\cogen\1912_0152	moved
r:\cogen\1912_0211	moved
r:\cogen\1912_0213	moved
r:\cogen\1912_0218	moved
r:\cogen\1912_0254	moved
r:\cogen\1912_0289	moved
r:\DAT\1912_0104	moved
r:\DAT\1912_0110	moved
r:\DAT\1912_0245	moved
r:\E-Word\1912_0157	moved
r:\E-Word\1912_0188	moved
r:\Eurologos\1912_0133	moved
r:\ITC\1912_0142	moved
r:\ITC\1912_0237	moved
r:\LCI\1912_0158	moved
r:\LCI\1912_0258	moved
r:\Lexic\1912_0261	moved
r:\Lexitech\1912_0122	moved
r:\Lexitech\1912_0124	moved
r:\Lexitech\1912_0126	moved
r:\Lexitech\1912_0186	moved
r:\Lexitech\1912_0204	moved
r:\Lexitech\1912_0209	moved
r:\Lexitech\1912_0242	moved
r:\Lexitech\1912_0267	moved
r:\Lexitech\1912_0274	moved
r:\LW\1912_0042	moved
r:\LW\1912_0079	moved
r:\LW\1912_0080	moved
r:\LW\1912_0084	moved
r:\LW\1912_0098	moved
r:\LW\1912_0100	moved
r:\LW\1912_0148	moved
r:\LW\1912_0151	moved
r:\LW\1912_0155	moved
r:\LW\1912_0168	moved
r:\LW\1912_0195	moved
r:\LW\1912_0196	moved
r:\LW\1912_0197	moved
r:\LW\1912_0202	moved
r:\LW\1912_0214	moved
r:\LW\1912_0219	moved
r:\LW\1912_0226	moved
r:\Perle Clair\1912_0094	moved
r:\Perle Clair\1912_0144	moved
r:\Perle Clair\1912_0160	moved
r:\Perle Clair\1912_0169	moved
r:\Powerling\1912_0121	moved
r:\Powerling\1912_0207	moved
r:\Telelingua\1912_0066	moved
r:\Telelingua\1912_0069	moved
r:\Telelingua\1912_0089	moved
r:\Telelingua\1912_0092	moved
r:\Telelingua\1912_0101	moved
r:\Telelingua\1912_0103	moved
r:\Telelingua\1912_0111	moved
r:\Telelingua\1912_0131	moved
r:\Telelingua\1912_0147	moved
r:\Telelingua\1912_0151	moved
r:\Telelingua\1912_0153	moved
r:\Telelingua\1912_0156	moved
r:\Telelingua\1912_0166	moved
r:\Telelingua\1912_0176	moved
r:\Telelingua\1912_0217	moved
r:\Telelingua\1912_0220	moved
r:\Telelingua\1912_0227	moved
r:\Telelingua\1912_0228	moved
r:\Telelingua\1912_0233	moved
r:\Telelingua\1912_0236	moved
r:\Telelingua\1912_0250	moved
r:\Telelingua\1912_0255	moved
r:\Telelingua\1912_0260	moved
r:\Telelingua\1912_0266	moved
r:\Telelingua\1912_0270	moved
r:\Tick\1912_0015	moved
r:\Tick\1912_0016	moved
r:\Tick\1912_0030	moved
r:\Tick\1912_0038	moved
r:\Tick\1912_0138	moved
r:\Tick\1912_0167	moved
r:\Tick\1912_0177	moved
r:\Tick\1912_0183	moved
r:\Tick\1912_0191	moved
r:\Tick\1912_0198	moved
r:\Tick\1912_0216	moved
r:\Tick\1912_0221	moved
r:\Tick\1912_0223	moved
r:\Tick\1912_0238	moved
r:\Tick\1912_0240	moved
r:\Tick\1912_0241	moved
r:\Tick\1912_0259	moved
r:\Tick\1912_0263	moved
r:\Tick\1912_0268	moved
r:\Tick\1912_0277	moved
r:\Tick\1912_0285	moved
r:\transword\1912_0135	moved
r:\Version\1912_0073	moved
r:\Wienners\1912_0109	moved
r:\Wienners\1912_0146	moved
r:\Wienners\1912_0171	moved
r:\Wienners\1912_0203	moved
r:\Wienners\1912_0291	moved
r:\Word Value\1912_0017	moved
