p:\A2MS\2001_0009	moved
p:\A2MS\2001_0159	moved
p:\A2MS\2001_0370	moved
p:\AB Traduction\2001_0027	moved
p:\AB Traduction\2001_0172	moved
p:\AB Traduction\Q2001_00222	moved
p:\Abalis\2001_0041	moved
p:\Abalis\2001_0082	moved
p:\Abalis\2001_0089	moved
p:\Abalis\2001_0124	moved
p:\Abalis\2001_0150	moved
p:\Abalis\2001_0158	moved
p:\Abalis\2001_0167	moved
p:\Abalis\2001_0198	moved
p:\Abalis\2001_0213	moved
p:\Abalis\2001_0214	moved
p:\Abalis\2001_0218	moved
p:\Abalis\2001_0237	moved
p:\Abalis\2001_0297	moved
p:\Abalis\2001_0301	moved
p:\Abalis\2001_0319	moved
p:\Abalis\2001_0325	moved
p:\Abalis\2001_0330	moved
p:\Abalis\2001_0340	moved
p:\Abalis\2001_0385	moved
p:\Abalis\2001_0387	moved
p:\Abalis\2001_0388	moved
p:\Abalis\2001_0394	moved
p:\Abalis\Q2001_00207	moved
p:\Abalis\Q2001_00213	moved
p:\ACB\2001_0271	moved
p:\ACB\2001_0320	moved
p:\ACB\2001_0321	moved
p:\ACB\2001_0344	moved
p:\ACB\Q2001_00195	moved
p:\Alas\2001_0205	moved
p:\Alas\2001_0227	moved
p:\Alas\2001_0244	moved
p:\Alas\2001_0254	moved
p:\Alas\2001_0256	moved
p:\Alas\2001_0257	moved
p:\Arancho Doc\2001_0002	moved
p:\Arancho Doc\2001_0010	moved
p:\Arancho Doc\2001_0035	moved
p:\Arancho Doc\2001_0073	moved
p:\Arancho Doc\2001_0075	moved
p:\Arancho Doc\2001_0092	moved
p:\Arancho Doc\2001_0130	moved
p:\Arancho Doc\2001_0143	moved
p:\Arancho Doc\2001_0229	moved
p:\Arancho Doc\2001_0233	moved
p:\Arancho Doc\2001_0286	moved
p:\Arancho Doc\2001_0304	moved
p:\Arancho Doc\2001_0315	moved
p:\Arancho Doc\2001_0384	moved
p:\Arancho Doc\2001_0406	moved
p:\Arobtrad_Arobase\2001_0079	moved
p:\Asiatis\2001_0018	moved
p:\Asiatis\2001_0127	moved
p:\Asiatis\2001_0186	moved
p:\ATH\2001_0045	moved
p:\ATH\2001_0061	moved
p:\ATH\2001_0062	moved
p:\ATH\2001_0071	moved
p:\ATH\2001_0097	moved
p:\ATH\2001_0103	moved
p:\ATH\2001_0183	moved
p:\ATH\2001_0326	moved
p:\ATH\2001_0327	moved
p:\ATH\2001_0392	moved
p:\AWS\2001_0025	moved
p:\AWS\2001_0034	moved
p:\AWS\2001_0040	moved
p:\AWS\2001_0066	moved
p:\AWS\2001_0084	moved
p:\AWS\2001_0115	moved
p:\AWS\2001_0170	moved
p:\AWS\2001_0175	moved
p:\AWS\2001_0193	moved
p:\AWS\2001_0336	moved
p:\AWS\2001_0348	moved
p:\AWS\2001_0365	moved
p:\AWS\2001_0396	moved
p:\Badiane Traductions\2001_0044	moved
p:\Badiane Traductions\2001_0166	moved
p:\Badiane Traductions\2001_0173	moved
p:\Badiane Traductions\2001_0262	moved
p:\Badiane Traductions\2001_0265	moved
p:\Badiane Traductions\2001_0353	moved
p:\Badiane Traductions\2001_0362	moved
p:\Baladeo\2001_0128	moved
p:\Belga Translations\2001_0013	moved
p:\Betranslated\2001_0311	moved
p:\Betranslated\2001_0339	moved
p:\Betranslated\2001_0407	moved
p:\Betranslated\Q2001_00231	moved
p:\Birdwell\2001_0072	moved
p:\Blue Lines\2001_0160	moved
p:\Blue Lines\2001_0264	moved
p:\Caupenne\2001_0020	moved
p:\Caupenne\2001_0096	moved
p:\Caupenne\2001_0142	moved
p:\Caupenne\2001_0283	moved
p:\Caupenne\2001_0308	moved
p:\Caupenne\Q2001_00212	moved
p:\Caupenne\Q2001_00227	moved
p:\CG\2001_0001	moved
p:\CG\2001_0029	moved
p:\CG\2001_0134	moved
p:\Cogen\2001_0019	moved
p:\Cogen\2001_0030	moved
p:\Cogen\2001_0039	moved
p:\Cogen\2001_0131	moved
p:\Cogen\2001_0138	moved
p:\Cogen\2001_0139	moved
p:\Cogen\2001_0171	moved
p:\Cogen\2001_0179	moved
p:\Cogen\2001_0208	moved
p:\Cogen\2001_0210	moved
p:\Cogen\2001_0241	moved
p:\Cogen\2001_0364	moved
p:\CommunicationsEuropeennes\2001_0195	moved
p:\CPW\2001_0357	moved
p:\DAT\2001_0086	moved
p:\DAT\2001_0163	moved
p:\DAT\2001_0228	moved
p:\DAT\2001_0238	moved
p:\DAT\2001_0350	moved
p:\DAT\2001_0369	moved
p:\Dimma\2001_0132	moved
p:\Dimma\2001_0206	moved
p:\Dimma\2001_0282	moved
p:\Documens_SVP\2001_0055	moved
p:\Documens_SVP\2001_0248	moved
p:\Documens_SVP\2001_0270	moved
p:\Documens_SVP\Q2001_00223	moved
p:\E-Word\2001_0014	moved
p:\E-Word\2001_0057	moved
p:\E-Word\2001_0067	moved
p:\E-Word\2001_0184	moved
p:\E-Word\2001_0225	moved
p:\E-Word\2001_0251	moved
p:\E-Word\2001_0280	moved
p:\E-Word\2001_0317	moved
p:\E-Word\2001_0331	moved
p:\E-Word\2001_0337	moved
p:\E-Word\2001_0341	moved
p:\E-Word\2001_0393	moved
p:\E-Word\2001_0400	moved
p:\Elrom\2001_0094	moved
p:\Eskenazy (Cabinet Eskenazy)\2001_0101	moved
p:\Eurologos-Madrid\2001_0100	moved
p:\Horner Translation\2001_0148	moved
p:\Horner Translation\2001_0153	moved
p:\Horner Translation\2001_0253	moved
p:\Horner Translation\2001_0287	moved
p:\Idiomes\2001_0144	moved
p:\ISO Translation\2001_0088	moved
p:\ITC\2001_0116	moved
p:\ITC\2001_0176	moved
p:\ITC\2001_0405	moved
p:\ITI\2001_0157	moved
p:\ITI\2001_0281	moved
p:\Kern\2001_0129	moved
p:\LanguageLine\2001_0328	moved
p:\Languagewire\2001_0007	moved
p:\Languagewire\2001_0046	moved
p:\Languagewire\2001_0056	moved
p:\Languagewire\2001_0058	moved
p:\Languagewire\2001_0059	moved
p:\Languagewire\2001_0060	moved
p:\Languagewire\2001_0080	moved
p:\Languagewire\2001_0111	moved
p:\Languagewire\2001_0123	moved
p:\Languagewire\2001_0126	moved
p:\Languagewire\2001_0135	moved
p:\Languagewire\2001_0136	moved
p:\Languagewire\2001_0140	moved
p:\Languagewire\2001_0147	moved
p:\Languagewire\2001_0149	moved
p:\Languagewire\2001_0151	moved
p:\Languagewire\2001_0152	moved
p:\Languagewire\2001_0168	moved
p:\Languagewire\2001_0180	moved
p:\Languagewire\2001_0181	moved
p:\Languagewire\2001_0197	moved
p:\Languagewire\2001_0199	moved
p:\Languagewire\2001_0202	moved
p:\Languagewire\2001_0230	moved
p:\Languagewire\2001_0243	moved
p:\Languagewire\2001_0268	moved
p:\Languagewire\2001_0269	moved
p:\Languagewire\2001_0277	moved
p:\Languagewire\2001_0307	moved
p:\Languagewire\2001_0316	moved
p:\Languagewire\2001_0349	moved
p:\Languagewire\2001_0356	moved
p:\Languagewire\2001_0359	moved
p:\Languagewire\2001_0360	moved
p:\Languagewire\2001_0363	moved
p:\Languagewire\2001_0371	moved
p:\Languagewire\2001_0381	moved
p:\Latraductionmedicale\2001_0211	moved
p:\Lexitech\2001_0037	moved
p:\Lexitech\2001_0053	moved
p:\Lexitech\2001_0064	moved
p:\Lexitech\2001_0069	moved
p:\Lexitech\2001_0077	moved
p:\Lexitech\2001_0087	moved
p:\Lexitech\2001_0095	moved
p:\Lexitech\2001_0125	moved
p:\Lexitech\2001_0246	moved
p:\Lexitech\2001_0292	moved
p:\Lexitech\2001_0323	moved
p:\Lexitech\2001_0338	moved
p:\Lexitech\2001_0389	moved
p:\Lexitech\2001_0395	moved
p:\LinguaForce\2001_0374	moved
p:\MBA Traduction\2001_0121	moved
p:\MGS\2001_0372	moved
p:\Milega\2001_0390	moved
p:\Nord Traduction\2001_0008	moved
p:\Nord Traduction\2001_0012	moved
p:\Nord Traduction\2001_0038	moved
p:\Nord Traduction\2001_0083	moved
p:\Nord Traduction\2001_0112	moved
p:\Nord Traduction\2001_0114	moved
p:\Nord Traduction\2001_0177	moved
p:\Nord Traduction\2001_0231	moved
p:\Nord Traduction\2001_0260	moved
p:\Nord Traduction\2001_0272	moved
p:\Nord Traduction\2001_0322	moved
p:\Nord Traduction\2001_0324	moved
p:\Nord Traduction\2001_0398	moved
p:\Novae_LCI Bretagne\2001_0023	moved
p:\Novae_LCI Bretagne\2001_0065	moved
p:\Novae_LCI Bretagne\2001_0078	moved
p:\Novae_LCI Bretagne\2001_0091	moved
p:\Novae_LCI Bretagne\2001_0294	moved
p:\Novae_LCI Bretagne\2001_0296	moved
p:\Novae_LCI Bretagne\2001_0306	moved
p:\Novae_LCI Bretagne\2001_0314	moved
p:\Novae_LCI Bretagne\2001_0333	moved
p:\Novae_LCI Bretagne\2001_0402	moved
p:\Novatrad\2001_0028	moved
p:\OUI Translate\2001_0209	moved
p:\OUI Translate\2001_0368	moved
p:\OUI Translate\2001_0373	moved
p:\OUI Translate\Q2001_00205	moved
p:\Parleclair\2001_0024	moved
p:\Parleclair\2001_0032	moved
p:\Parleclair\2001_0042	moved
p:\Parleclair\2001_0052	moved
p:\Parleclair\2001_0110	moved
p:\Parleclair\2001_0120	moved
p:\Parleclair\2001_0178	moved
p:\Parleclair\2001_0201	moved
p:\Parleclair\2001_0203	moved
p:\Parleclair\2001_0219	moved
p:\Parleclair\2001_0222	moved
p:\Parleclair\2001_0224	moved
p:\Parleclair\2001_0235	moved
p:\Parleclair\2001_0293	moved
p:\Parleclair\2001_0298	moved
p:\Parleclair\2001_0318	moved
p:\Pauline Muller\2001_0194	moved
p:\Powerling\2001_0005	moved
p:\Powerling\2001_0022	moved
p:\Powerling\2001_0047	moved
p:\Powerling\2001_0051	moved
p:\Powerling\2001_0070	moved
p:\Powerling\2001_0085	moved
p:\Powerling\2001_0113	moved
p:\Powerling\2001_0118	moved
p:\Powerling\2001_0156	moved
p:\Powerling\2001_0169	moved
p:\Powerling\2001_0182	moved
p:\Powerling\2001_0215	moved
p:\Powerling\2001_0217	moved
p:\Powerling\2001_0223	moved
p:\Powerling\2001_0245	moved
p:\Powerling\2001_0274	moved
p:\Powerling\2001_0295	moved
p:\Powerling\2001_0299	moved
p:\Powerling\2001_0305	moved
p:\Powerling\2001_0310	moved
p:\Powerling\2001_0342	moved
p:\Powerling\2001_0351	moved
p:\Powerling\2001_0352	moved
p:\Powerling\2001_0354	moved
p:\Powerling\2001_0397	moved
p:\Powerling\2001_0403	moved
p:\Powerling\Q2001_00210	moved
p:\RWS Life Sciences\2001_0033	moved
p:\SEL Business Languages\2001_0017	moved
p:\SEL Business Languages\2001_0382	moved
p:\Studec\2001_0273	moved
p:\Studec\2001_0285	moved
p:\Studia_Interface\2001_0074	moved
p:\Studia_Interface\2001_0081	moved
p:\Studia_Interface\2001_0109	moved
p:\Studia_Interface\2001_0137	moved
p:\Studia_Interface\2001_0146	moved
p:\Studia_Interface\2001_0266	moved
p:\Studia_Interface\2001_0346	moved
p:\Talkfinance\2001_0191	moved
p:\Talkfinance\2001_0255	moved
p:\Talkfinance\2001_0275	moved
p:\Talkfinance\2001_0329	moved
p:\Talkfinance\2001_0375	moved
p:\Talkfinance\Q2001_00229	moved
p:\Technicis\2001_0234	moved
p:\Technicis\2001_0239	moved
p:\Technicis\2001_0361	moved
p:\Technicis\2001_0378	moved
p:\Telelingua BE\2001_0187	moved
p:\Telelingua FR\2001_0011	moved
p:\Telelingua FR\2001_0015	moved
p:\Telelingua FR\2001_0016	moved
p:\Telelingua FR\2001_0026	moved
p:\Telelingua FR\2001_0063	moved
p:\Telelingua FR\2001_0068	moved
p:\Telelingua FR\2001_0098	moved
p:\Telelingua FR\2001_0102	moved
p:\Telelingua FR\2001_0104	moved
p:\Telelingua FR\2001_0105	moved
p:\Telelingua FR\2001_0117	moved
p:\Telelingua FR\2001_0133	moved
p:\Telelingua FR\2001_0145	moved
p:\Telelingua FR\2001_0155	moved
p:\Telelingua FR\2001_0162	moved
p:\Telelingua FR\2001_0164	moved
p:\Telelingua FR\2001_0165	moved
p:\Telelingua FR\2001_0174	moved
p:\Telelingua FR\2001_0185	moved
p:\Telelingua FR\2001_0189	moved
p:\Telelingua FR\2001_0190	moved
p:\Telelingua FR\2001_0192	moved
p:\Telelingua FR\2001_0196	moved
p:\Telelingua FR\2001_0200	moved
p:\Telelingua FR\2001_0207	moved
p:\Telelingua FR\2001_0212	moved
p:\Telelingua FR\2001_0221	moved
p:\Telelingua FR\2001_0232	moved
p:\Telelingua FR\2001_0240	moved
p:\Telelingua FR\2001_0242	moved
p:\Telelingua FR\2001_0250	moved
p:\Telelingua FR\2001_0252	moved
p:\Telelingua FR\2001_0258	moved
p:\Telelingua FR\2001_0259	moved
p:\Telelingua FR\2001_0261	moved
p:\Telelingua FR\2001_0263	moved
p:\Telelingua FR\2001_0267	moved
p:\Telelingua FR\2001_0276	moved
p:\Telelingua FR\2001_0284	moved
p:\Telelingua FR\2001_0288	moved
p:\Telelingua FR\2001_0289	moved
p:\Telelingua FR\2001_0309	moved
p:\Telelingua FR\2001_0312	moved
p:\Telelingua FR\2001_0334	moved
p:\Telelingua FR\2001_0343	moved
p:\Telelingua FR\2001_0366	moved
p:\Telelingua FR\2001_0367	moved
p:\Telelingua FR\2001_0376	moved
p:\Telelingua FR\2001_0377	moved
p:\Telelingua FR\2001_0379	moved
p:\Telelingua FR\2001_0399	moved
p:\Telelingua FR\2001_0401	moved
p:\Telelingua FR\2001_0404	moved
p:\Telelingua FR\Q2001_00197	moved
p:\Telelingua FR\Q2001_00206	moved
p:\Telelingua FR\Q2001_00221	moved
p:\Telelingua USA\2001_0141	moved
p:\Telelingua USA\2001_0188	moved
p:\Telelingua USA\2001_0204	moved
p:\Telelingua USA\2001_0291	moved
p:\Thebault\2001_0347	moved
p:\thetranslationpeople\2001_0090	moved
p:\Tick\2001_0003	moved
p:\Tick\2001_0004	moved
p:\Tick\2001_0006	moved
p:\Tick\2001_0031	moved
p:\Tick\2001_0036	moved
p:\Tick\2001_0054	moved
p:\Tick\2001_0093	moved
p:\Tick\2001_0099	moved
p:\Tick\2001_0106	moved
p:\Tick\2001_0108	moved
p:\Tick\2001_0119	moved
p:\Tick\2001_0122	moved
p:\Tick\2001_0161	moved
p:\Tick\2001_0216	moved
p:\Tick\2001_0220	moved
p:\Tick\2001_0236	moved
p:\Tick\2001_0290	moved
p:\Tick\2001_0300	moved
p:\Tick\2001_0303	moved
p:\Tick\2001_0332	moved
p:\Tick\2001_0358	moved
p:\Tick\2001_0380	moved
p:\Tradewords\2001_0278	moved
p:\Tradewords\Q2001_00215	moved
p:\Tradoc\2001_0313	moved
p:\Tradonline\2001_0335	moved
p:\Tradonline\2001_0383	moved
p:\Traducteo\2001_0226	moved
p:\Traductif_Atlantique\2001_0355	moved
p:\Transword\2001_0048	moved
p:\Transword\2001_0050	moved
p:\Transword\2001_0302	moved
p:\West traductions\2001_0247	moved
p:\Wieners\2001_0021	moved
p:\Wieners\2001_0049	moved
p:\Wieners\2001_0279	moved
p:\Wieners\2001_0345	moved
p:\Wieners\2001_0386	moved
