p:\A2MS\1912_0249	moved
p:\AB Traduction\1912_0154	moved
p:\Abalis\1912_0040	moved
p:\Abalis\1912_0071	moved
p:\Abalis\1912_0091	moved
p:\Abalis\1912_0137	moved
p:\Abalis\1912_0149	moved
p:\Abalis\1912_0150	moved
p:\Abalis\1912_0174	moved
p:\Abalis\1912_0175	moved
p:\Abalis\1912_0193	moved
p:\Abalis\1912_0224	moved
p:\Abalis\1912_0225	moved
p:\Abalis\1912_0231	moved
p:\ACB\1912_0208	moved
p:\Activaction\1912_0012	moved
p:\Anyword\1912_0083	moved
p:\Arancho Doc\1912_0130	moved
p:\Arancho Doc\1912_0140	moved
p:\Arancho Doc\1912_0164	moved
p:\Arancho Doc\1912_0185	moved
p:\Arancho Doc\1912_0200	moved
p:\Arancho Doc\1912_0269	moved
p:\Arancho Doc\1912_0280	moved
p:\Arobtrad_Arobase\1912_0082	moved
p:\Asiatis\1912_0058	moved
p:\Asiatis\1912_0077	moved
p:\Asiatis\1912_0087	moved
p:\Asiatis\1912_0090	moved
p:\Asiatis\1912_0179	moved
p:\ATH\1912_0001	moved
p:\ATH\1912_0002	moved
p:\ATH\1912_0037	moved
p:\ATH\1912_0086	moved
p:\ATH\1912_0095	moved
p:\ATH\1912_0134	moved
p:\ATH\1912_0162	moved
p:\ATH\1912_0184	moved
p:\ATH\1912_0192	moved
p:\ATH\1912_0235	moved
p:\ATH\1912_0246	moved
p:\ATH\1912_0247	moved
p:\ATH\1912_0248	moved
p:\ATH\1912_0264	moved
p:\ATH\1912_0284	moved
p:\Attic\1912_0287	moved
p:\AWS\1912_0014	moved
p:\AWS\1912_0028	moved
p:\AWS\1912_0032	moved
p:\AWS\1912_0102	moved
p:\AWS\1912_0116	moved
p:\AWS\1912_0172	moved
p:\AWS\1912_0190	moved
p:\Badiane Traductions\1912_0215	moved
p:\Badiane Traductions\1912_0256	moved
p:\Badiane Traductions\1912_0278	moved
p:\Badiane Traductions\1912_0281	moved
p:\Betranslated\1912_0020	moved
p:\Blue Lines\1912_0136	moved
p:\Boutique\1912_0036	moved
p:\Boutique\1912_0182	moved
p:\Caupenne\1912_0070	moved
p:\Caupenne\1912_0199	moved
p:\CG\1912_0006	moved
p:\CG\1912_0019	moved
p:\CG\1912_0276	moved
p:\Cogen\1912_0047	moved
p:\Cogen\1912_0055	moved
p:\Cogen\1912_0056	moved
p:\Cogen\1912_0096	moved
p:\Cogen\1912_0145	moved
p:\Cogen\1912_0152	moved
p:\Cogen\1912_0211	moved
p:\Cogen\1912_0213	moved
p:\Cogen\1912_0218	moved
p:\Cogen\1912_0222	moved
p:\Cogen\1912_0254	moved
p:\Cogen\1912_0289	moved
p:\Comms Multilingual\1912_0181	moved
p:\CommunicationsEuropeennes\1912_0165	moved
p:\CPW\1912_0021	moved
p:\CPW\1912_0112	moved
p:\CPW\1912_0178	moved
p:\DAT\1912_0104	moved
p:\DAT\1912_0110	moved
p:\DAT\1912_0232	moved
p:\DAT\1912_0245	moved
p:\DAT\1912_0282	moved
p:\Dimma\1912_0085	moved
p:\Documens_SVP\1912_0044	moved
p:\Documens_SVP\1912_0115	moved
p:\Documens_SVP\1912_0230	moved
p:\E-Word\1912_0011	moved
p:\E-Word\1912_0132	moved
p:\E-Word\1912_0157	moved
p:\E-Word\1912_0180	moved
p:\E-Word\1912_0188	moved
p:\E-Word\1912_0206	moved
p:\E-Word\1912_0239	moved
p:\E-Word\1912_0271	moved
p:\Eskenazy (Cabinet Eskenazy)\1912_0051	moved
p:\Eskenazy (Cabinet Eskenazy)\1912_0189	moved
p:\Eurologos-BE\1912_0007	moved
p:\Eurologos-BE\1912_0052	moved
p:\Eurologos-BE\1912_0133	moved
p:\HLTRAD\1912_0123	moved
p:\Horner Translation\1912_0026	moved
p:\Horner Translation\1912_0117	moved
p:\Horner Translation\1912_0279	moved
p:\Horner Translation\1912_0286	moved
p:\ITC\1912_0142	moved
p:\ITC\1912_0237	moved
p:\Languagewire\1912_0003	moved
p:\Languagewire\1912_0018	moved
p:\Languagewire\1912_0029	moved
p:\Languagewire\1912_0034	moved
p:\Languagewire\1912_0042	moved
p:\Languagewire\1912_0053	moved
p:\Languagewire\1912_0062	moved
p:\Languagewire\1912_0079	moved
p:\Languagewire\1912_0080	moved
p:\Languagewire\1912_0084	moved
p:\Languagewire\1912_0097	moved
p:\Languagewire\1912_0098	moved
p:\Languagewire\1912_0099	moved
p:\Languagewire\1912_0100	moved
p:\Languagewire\1912_0105	moved
p:\Languagewire\1912_0125	moved
p:\Languagewire\1912_0148	moved
p:\Languagewire\1912_0151	moved
p:\Languagewire\1912_0155	moved
p:\Languagewire\1912_0168	moved
p:\Languagewire\1912_0195	moved
p:\Languagewire\1912_0196	moved
p:\Languagewire\1912_0197	moved
p:\Languagewire\1912_0202	moved
p:\Languagewire\1912_0214	moved
p:\Languagewire\1912_0219	moved
p:\Languagewire\1912_0226	moved
p:\Languagewire\1912_0229	moved
p:\Languagewire\1912_0283	moved
p:\Languagewire\1912_0292	moved
p:\Languagewire\1912_0293	moved
p:\Lexic\1912_0261	moved
p:\Lexitech\1912_0122	moved
p:\Lexitech\1912_0124	moved
p:\Lexitech\1912_0126	moved
p:\Lexitech\1912_0128	moved
p:\Lexitech\1912_0186	moved
p:\Lexitech\1912_0204	moved
p:\Lexitech\1912_0209	moved
p:\Lexitech\1912_0242	moved
p:\Lexitech\1912_0267	moved
p:\Lexitech\1912_0274	moved
p:\LinguaForce\1912_0039	moved
p:\MBA Traduction\1912_0068	moved
p:\MBA Traduction\1912_0118	moved
p:\Nord Traduction\1912_0048	moved
p:\Nord Traduction\1912_0194	moved
p:\Nord Traduction\1912_0234	moved
p:\Nord Traduction\1912_0253	moved
p:\Novae_LCI Bretagne\1912_0108	moved
p:\Novae_LCI Bretagne\1912_0158	moved
p:\Novae_LCI Bretagne\1912_0258	moved
p:\Novatrad\1912_0244	moved
p:\OUI Translate\1912_0075	moved
p:\OUI Translate\1912_0252	moved
p:\Parleclair\1912_0004	moved
p:\Parleclair\1912_0072	moved
p:\Parleclair\1912_0094	moved
p:\Parleclair\1912_0144	moved
p:\Parleclair\1912_0160	moved
p:\Parleclair\1912_0169	moved
p:\Pluslingua\1912_0024	moved
p:\Powerling\1912_0043	moved
p:\Powerling\1912_0121	moved
p:\Powerling\1912_0170	moved
p:\Powerling\1912_0207	moved
p:\Powerling\1912_0265	moved
p:\Projectus\1912_0107	moved
p:\Star Italia\1912_0159	moved
p:\Stoquart\1912_0065	moved
p:\Studec\1912_0031	moved
p:\Studec\1912_0078	moved
p:\Studec\1912_0290	moved
p:\Studia_Interface\1912_0035	moved
p:\Studia_Interface\1912_0120	moved
p:\Talkfinance\1912_0088	moved
p:\Talkfinance\1912_0093	moved
p:\Talkfinance\1912_0113	moved
p:\Telelingua BE\1912_0227	moved
p:\Telelingua BE\1912_0228	moved
p:\Telelingua BE\1912_0257	moved
p:\Telelingua FR\1912_0059	moved
p:\Telelingua FR\1912_0063	moved
p:\Telelingua FR\1912_0064	moved
p:\Telelingua FR\1912_0066	moved
p:\Telelingua FR\1912_0067	moved
p:\Telelingua FR\1912_0069	moved
p:\Telelingua FR\1912_0081	moved
p:\Telelingua FR\1912_0089	moved
p:\Telelingua FR\1912_0101	moved
p:\Telelingua FR\1912_0103	moved
p:\Telelingua FR\1912_0106	moved
p:\Telelingua FR\1912_0119	moved
p:\Telelingua FR\1912_0127	moved
p:\Telelingua FR\1912_0139	moved
p:\Telelingua FR\1912_0141	moved
p:\Telelingua FR\1912_0153	moved
p:\Telelingua FR\1912_0163	moved
p:\Telelingua FR\1912_0173	moved
p:\Telelingua FR\1912_0176	moved
p:\Telelingua FR\1912_0210	moved
p:\Telelingua FR\1912_0212	moved
p:\Telelingua FR\1912_0220	moved
p:\Telelingua FR\1912_0233	moved
p:\Telelingua FR\1912_0236	moved
p:\Telelingua FR\1912_0250	moved
p:\Telelingua FR\1912_0251	moved
p:\Telelingua FR\1912_0260	moved
p:\Telelingua FR\1912_0262	moved
p:\Telelingua FR\1912_0266	moved
p:\Telelingua FR\1912_0270	moved
p:\Telelingua FR\1912_0273	moved
p:\Telelingua FR\1912_0275	moved
p:\Telelingua USA\1912_0074	moved
p:\Telelingua USA\1912_0092	moved
p:\Telelingua USA\1912_0131	moved
p:\Telelingua USA\1912_0147	moved
p:\Telelingua USA\1912_0156	moved
p:\Telelingua USA\1912_0166	moved
p:\Telelingua USA\1912_0217	moved
p:\Telelingua-DE\1912_0111	moved
p:\Telelingua-DE\1912_0255	moved
p:\Tick\1912_0005	moved
p:\Tick\1912_0015	moved
p:\Tick\1912_0016	moved
p:\Tick\1912_0023	moved
p:\Tick\1912_0030	moved
p:\Tick\1912_0033	moved
p:\Tick\1912_0038	moved
p:\Tick\1912_0045	moved
p:\Tick\1912_0061	moved
p:\Tick\1912_0129	moved
p:\Tick\1912_0138	moved
p:\Tick\1912_0167	moved
p:\Tick\1912_0177	moved
p:\Tick\1912_0183	moved
p:\Tick\1912_0191	moved
p:\Tick\1912_0198	moved
p:\Tick\1912_0216	moved
p:\Tick\1912_0221	moved
p:\Tick\1912_0223	moved
p:\Tick\1912_0238	moved
p:\Tick\1912_0240	moved
p:\Tick\1912_0241	moved
p:\Tick\1912_0259	moved
p:\Tick\1912_0263	moved
p:\Tick\1912_0268	moved
p:\Tick\1912_0277	moved
p:\Tick\1912_0285	moved
p:\Tick\1912_0288	moved
p:\Tradoc\1912_0205	moved
p:\Tradoc\1912_0243	moved
p:\Tradonline\1912_0049	moved
p:\Tradonline\1912_0054	moved
p:\Tradonline\1912_0161	moved
p:\Tradonline\1912_0187	moved
p:\Translation Probst\1912_0272	moved
p:\Transword\1912_0041	moved
p:\Transword\1912_0135	moved
p:\Version Internationale\1912_0073	moved
p:\Wieners\1912_0022	moved
p:\Wieners\1912_0025	moved
p:\Wieners\1912_0027	moved
p:\Wieners\1912_0057	moved
p:\Wieners\1912_0060	moved
p:\Wieners\1912_0109	moved
p:\Wieners\1912_0114	moved
p:\Wieners\1912_0146	moved
p:\Wieners\1912_0171	moved
p:\Wieners\1912_0201	moved
p:\Wieners\1912_0203	moved
p:\Wieners\1912_0291	moved
p:\Word Value\1912_0017	moved
